Terminals unused in grammar

    THROW
    TRY_CATCH
    TRY_FINALLY


Grammar

    0 $accept: program $end

    1 program: LINENO PROGRAM class_list
    2        | %empty

    3 class_list: class
    4           | class_list class

    5 class: LINENO CLASS ID ID STR_CONST '(' optional_feature_list ')'

    6 optional_feature_list: %empty
    7                      | feature_list

    8 feature_list: feature
    9             | feature_list feature

   10 feature: LINENO METHOD ID formals ID expr
   11        | LINENO ATTR ID ID expr

   12 formals: %empty
   13        | formal_list

   14 formal_list: formal
   15            | formal_list formal

   16 formal: LINENO FORMAL ID ID

   17 expr: expr_aux ':' ID
   18     | expr_aux ':' NO_TYPE
   19     | expr_aux ':' BOTTOM

   20 expr_aux: LINENO ASSIGN ID expr
   21         | LINENO STATIC_DISPATCH expr ID ID actuals
   22         | LINENO DISPATCH expr ID actuals
   23         | LINENO COND expr expr expr
   24         | LINENO LOOP expr expr
   25         | LINENO BLOCK expr_list
   26         | LINENO LET ID ID expr expr
   27         | LINENO TYPCASE expr case_list
   28         | LINENO NEW ID
   29         | LINENO ISVOID expr
   30         | LINENO PLUS expr expr
   31         | LINENO SUB expr expr
   32         | LINENO MUL expr expr
   33         | LINENO DIVIDE expr expr
   34         | LINENO NEG expr
   35         | LINENO LT expr expr
   36         | LINENO EQ expr expr
   37         | LINENO LEQ expr expr
   38         | LINENO COMP expr
   39         | LINENO INT INT_CONST
   40         | LINENO STR STR_CONST
   41         | LINENO BOOL INT_CONST
   42         | LINENO OBJECT ID
   43         | LINENO NO_EXPR

   44 actuals: '(' ')'
   45        | '(' expr_list ')'

   46 expr_list: expr
   47          | expr_list expr

   48 case_list: simple_case
   49          | case_list simple_case

   50 simple_case: LINENO BRANCH ID ID expr


Terminals, with rules where they appear

    $end (0) 0
    '(' (40) 5 44 45
    ')' (41) 5 44 45
    ':' (58) 17 18 19
    error (256)
    PROGRAM (258) 1
    CLASS (259) 5
    METHOD (260) 10
    ATTR (261) 11
    FORMAL (262) 16
    BRANCH (263) 50
    ASSIGN (264) 20
    STATIC_DISPATCH (265) 21
    DISPATCH (266) 22
    COND (267) 23
    LOOP (268) 24
    TYPCASE (269) 27
    BLOCK (270) 25
    LET (271) 26
    PLUS (272) 30
    SUB (273) 31
    MUL (274) 32
    DIVIDE (275) 33
    NEG (276) 34
    LT (277) 35
    EQ (278) 36
    LEQ (279) 37
    COMP (280) 38
    INT (281) 39
    STR (282) 40
    BOOL (283) 41
    NEW (284) 28
    ISVOID (285) 29
    NO_EXPR (286) 43
    OBJECT (287) 42
    NO_TYPE (288) 18
    THROW (289)
    TRY_CATCH (290)
    TRY_FINALLY (291)
    STR_CONST <symbol> (292) 5 40
    INT_CONST <symbol> (293) 39 41
    ID <symbol> (294) 5 10 11 16 17 20 21 22 26 28 42 50
    BOTTOM <symbol> (295) 19
    LINENO <lineno> (296) 1 5 10 11 16 20 21 22 23 24 25 26 27 28 29 30 31 32 33 34 35 36 37 38 39 40 41 42 43 50


Nonterminals, with rules where they appear

    $accept (45)
        on left: 0
    program <program> (46)
        on left: 1 2
        on right: 0
    class_list <classes> (47)
        on left: 3 4
        on right: 1 4
    class <class_> (48)
        on left: 5
        on right: 3 4
    optional_feature_list <features> (49)
        on left: 6 7
        on right: 5
    feature_list <features> (50)
        on left: 8 9
        on right: 7 9
    feature <feature> (51)
        on left: 10 11
        on right: 8 9
    formals <formals> (52)
        on left: 12 13
        on right: 10
    formal_list <formals> (53)
        on left: 14 15
        on right: 13 15
    formal <formal> (54)
        on left: 16
        on right: 14 15
    expr <expression> (55)
        on left: 17 18 19
        on right: 10 11 20 21 22 23 24 26 27 29 30 31 32 33 34 35 36 37 38 46 47 50
    expr_aux <expression> (56)
        on left: 20 21 22 23 24 25 26 27 28 29 30 31 32 33 34 35 36 37 38 39 40 41 42 43
        on right: 17 18 19
    actuals <expressions> (57)
        on left: 44 45
        on right: 21 22
    expr_list <expressions> (58)
        on left: 46 47
        on right: 25 45 47
    case_list <cases> (59)
        on left: 48 49
        on right: 27 49
    simple_case <case_> (60)
        on left: 50
        on right: 48 49


State 0

    0 $accept: . program $end

    LINENO  shift, and go to state 1

    $default  reduce using rule 2 (program)

    program  go to state 2


State 1

    1 program: LINENO . PROGRAM class_list

    PROGRAM  shift, and go to state 3


State 2

    0 $accept: program . $end

    $end  shift, and go to state 4


State 3

    1 program: LINENO PROGRAM . class_list

    LINENO  shift, and go to state 5

    class_list  go to state 6
    class       go to state 7


State 4

    0 $accept: program $end .

    $default  accept


State 5

    5 class: LINENO . CLASS ID ID STR_CONST '(' optional_feature_list ')'

    CLASS  shift, and go to state 8


State 6

    1 program: LINENO PROGRAM class_list .
    4 class_list: class_list . class

    LINENO  shift, and go to state 5

    $default  reduce using rule 1 (program)

    class  go to state 9


State 7

    3 class_list: class .

    $default  reduce using rule 3 (class_list)


State 8

    5 class: LINENO CLASS . ID ID STR_CONST '(' optional_feature_list ')'

    ID  shift, and go to state 10


State 9

    4 class_list: class_list class .

    $default  reduce using rule 4 (class_list)


State 10

    5 class: LINENO CLASS ID . ID STR_CONST '(' optional_feature_list ')'

    ID  shift, and go to state 11


State 11

    5 class: LINENO CLASS ID ID . STR_CONST '(' optional_feature_list ')'

    STR_CONST  shift, and go to state 12


State 12

    5 class: LINENO CLASS ID ID STR_CONST . '(' optional_feature_list ')'

    '('  shift, and go to state 13


State 13

    5 class: LINENO CLASS ID ID STR_CONST '(' . optional_feature_list ')'

    LINENO  shift, and go to state 14

    $default  reduce using rule 6 (optional_feature_list)

    optional_feature_list  go to state 15
    feature_list           go to state 16
    feature                go to state 17


State 14

   10 feature: LINENO . METHOD ID formals ID expr
   11        | LINENO . ATTR ID ID expr

    METHOD  shift, and go to state 18
    ATTR    shift, and go to state 19


State 15

    5 class: LINENO CLASS ID ID STR_CONST '(' optional_feature_list . ')'

    ')'  shift, and go to state 20


State 16

    7 optional_feature_list: feature_list .
    9 feature_list: feature_list . feature

    LINENO  shift, and go to state 14

    $default  reduce using rule 7 (optional_feature_list)

    feature  go to state 21


State 17

    8 feature_list: feature .

    $default  reduce using rule 8 (feature_list)


State 18

   10 feature: LINENO METHOD . ID formals ID expr

    ID  shift, and go to state 22


State 19

   11 feature: LINENO ATTR . ID ID expr

    ID  shift, and go to state 23


State 20

    5 class: LINENO CLASS ID ID STR_CONST '(' optional_feature_list ')' .

    $default  reduce using rule 5 (class)


State 21

    9 feature_list: feature_list feature .

    $default  reduce using rule 9 (feature_list)


State 22

   10 feature: LINENO METHOD ID . formals ID expr

    LINENO  shift, and go to state 24

    $default  reduce using rule 12 (formals)

    formals      go to state 25
    formal_list  go to state 26
    formal       go to state 27


State 23

   11 feature: LINENO ATTR ID . ID expr

    ID  shift, and go to state 28


State 24

   16 formal: LINENO . FORMAL ID ID

    FORMAL  shift, and go to state 29


State 25

   10 feature: LINENO METHOD ID formals . ID expr

    ID  shift, and go to state 30


State 26

   13 formals: formal_list .
   15 formal_list: formal_list . formal

    LINENO  shift, and go to state 24

    $default  reduce using rule 13 (formals)

    formal  go to state 31


State 27

   14 formal_list: formal .

    $default  reduce using rule 14 (formal_list)


State 28

   11 feature: LINENO ATTR ID ID . expr

    LINENO  shift, and go to state 32

    expr      go to state 33
    expr_aux  go to state 34


State 29

   16 formal: LINENO FORMAL . ID ID

    ID  shift, and go to state 35


State 30

   10 feature: LINENO METHOD ID formals ID . expr

    LINENO  shift, and go to state 32

    expr      go to state 36
    expr_aux  go to state 34


State 31

   15 formal_list: formal_list formal .

    $default  reduce using rule 15 (formal_list)


State 32

   20 expr_aux: LINENO . ASSIGN ID expr
   21         | LINENO . STATIC_DISPATCH expr ID ID actuals
   22         | LINENO . DISPATCH expr ID actuals
   23         | LINENO . COND expr expr expr
   24         | LINENO . LOOP expr expr
   25         | LINENO . BLOCK expr_list
   26         | LINENO . LET ID ID expr expr
   27         | LINENO . TYPCASE expr case_list
   28         | LINENO . NEW ID
   29         | LINENO . ISVOID expr
   30         | LINENO . PLUS expr expr
   31         | LINENO . SUB expr expr
   32         | LINENO . MUL expr expr
   33         | LINENO . DIVIDE expr expr
   34         | LINENO . NEG expr
   35         | LINENO . LT expr expr
   36         | LINENO . EQ expr expr
   37         | LINENO . LEQ expr expr
   38         | LINENO . COMP expr
   39         | LINENO . INT INT_CONST
   40         | LINENO . STR STR_CONST
   41         | LINENO . BOOL INT_CONST
   42         | LINENO . OBJECT ID
   43         | LINENO . NO_EXPR

    ASSIGN           shift, and go to state 37
    STATIC_DISPATCH  shift, and go to state 38
    DISPATCH         shift, and go to state 39
    COND             shift, and go to state 40
    LOOP             shift, and go to state 41
    TYPCASE          shift, and go to state 42
    BLOCK            shift, and go to state 43
    LET              shift, and go to state 44
    PLUS             shift, and go to state 45
    SUB              shift, and go to state 46
    MUL              shift, and go to state 47
    DIVIDE           shift, and go to state 48
    NEG              shift, and go to state 49
    LT               shift, and go to state 50
    EQ               shift, and go to state 51
    LEQ              shift, and go to state 52
    COMP             shift, and go to state 53
    INT              shift, and go to state 54
    STR              shift, and go to state 55
    BOOL             shift, and go to state 56
    NEW              shift, and go to state 57
    ISVOID           shift, and go to state 58
    NO_EXPR          shift, and go to state 59
    OBJECT           shift, and go to state 60


State 33

   11 feature: LINENO ATTR ID ID expr .

    $default  reduce using rule 11 (feature)


State 34

   17 expr: expr_aux . ':' ID
   18     | expr_aux . ':' NO_TYPE
   19     | expr_aux . ':' BOTTOM

    ':'  shift, and go to state 61


State 35

   16 formal: LINENO FORMAL ID . ID

    ID  shift, and go to state 62


State 36

   10 feature: LINENO METHOD ID formals ID expr .

    $default  reduce using rule 10 (feature)


State 37

   20 expr_aux: LINENO ASSIGN . ID expr

    ID  shift, and go to state 63


State 38

   21 expr_aux: LINENO STATIC_DISPATCH . expr ID ID actuals

    LINENO  shift, and go to state 32

    expr      go to state 64
    expr_aux  go to state 34


State 39

   22 expr_aux: LINENO DISPATCH . expr ID actuals

    LINENO  shift, and go to state 32

    expr      go to state 65
    expr_aux  go to state 34


State 40

   23 expr_aux: LINENO COND . expr expr expr

    LINENO  shift, and go to state 32

    expr      go to state 66
    expr_aux  go to state 34


State 41

   24 expr_aux: LINENO LOOP . expr expr

    LINENO  shift, and go to state 32

    expr      go to state 67
    expr_aux  go to state 34


State 42

   27 expr_aux: LINENO TYPCASE . expr case_list

    LINENO  shift, and go to state 32

    expr      go to state 68
    expr_aux  go to state 34


State 43

   25 expr_aux: LINENO BLOCK . expr_list

    LINENO  shift, and go to state 32

    expr       go to state 69
    expr_aux   go to state 34
    expr_list  go to state 70


State 44

   26 expr_aux: LINENO LET . ID ID expr expr

    ID  shift, and go to state 71


State 45

   30 expr_aux: LINENO PLUS . expr expr

    LINENO  shift, and go to state 32

    expr      go to state 72
    expr_aux  go to state 34


State 46

   31 expr_aux: LINENO SUB . expr expr

    LINENO  shift, and go to state 32

    expr      go to state 73
    expr_aux  go to state 34


State 47

   32 expr_aux: LINENO MUL . expr expr

    LINENO  shift, and go to state 32

    expr      go to state 74
    expr_aux  go to state 34


State 48

   33 expr_aux: LINENO DIVIDE . expr expr

    LINENO  shift, and go to state 32

    expr      go to state 75
    expr_aux  go to state 34


State 49

   34 expr_aux: LINENO NEG . expr

    LINENO  shift, and go to state 32

    expr      go to state 76
    expr_aux  go to state 34


State 50

   35 expr_aux: LINENO LT . expr expr

    LINENO  shift, and go to state 32

    expr      go to state 77
    expr_aux  go to state 34


State 51

   36 expr_aux: LINENO EQ . expr expr

    LINENO  shift, and go to state 32

    expr      go to state 78
    expr_aux  go to state 34


State 52

   37 expr_aux: LINENO LEQ . expr expr

    LINENO  shift, and go to state 32

    expr      go to state 79
    expr_aux  go to state 34


State 53

   38 expr_aux: LINENO COMP . expr

    LINENO  shift, and go to state 32

    expr      go to state 80
    expr_aux  go to state 34


State 54

   39 expr_aux: LINENO INT . INT_CONST

    INT_CONST  shift, and go to state 81


State 55

   40 expr_aux: LINENO STR . STR_CONST

    STR_CONST  shift, and go to state 82


State 56

   41 expr_aux: LINENO BOOL . INT_CONST

    INT_CONST  shift, and go to state 83


State 57

   28 expr_aux: LINENO NEW . ID

    ID  shift, and go to state 84


State 58

   29 expr_aux: LINENO ISVOID . expr

    LINENO  shift, and go to state 32

    expr      go to state 85
    expr_aux  go to state 34


State 59

   43 expr_aux: LINENO NO_EXPR .

    $default  reduce using rule 43 (expr_aux)


State 60

   42 expr_aux: LINENO OBJECT . ID

    ID  shift, and go to state 86


State 61

   17 expr: expr_aux ':' . ID
   18     | expr_aux ':' . NO_TYPE
   19     | expr_aux ':' . BOTTOM

    NO_TYPE  shift, and go to state 87
    ID       shift, and go to state 88
    BOTTOM   shift, and go to state 89


State 62

   16 formal: LINENO FORMAL ID ID .

    $default  reduce using rule 16 (formal)


State 63

   20 expr_aux: LINENO ASSIGN ID . expr

    LINENO  shift, and go to state 32

    expr      go to state 90
    expr_aux  go to state 34


State 64

   21 expr_aux: LINENO STATIC_DISPATCH expr . ID ID actuals

    ID  shift, and go to state 91


State 65

   22 expr_aux: LINENO DISPATCH expr . ID actuals

    ID  shift, and go to state 92


State 66

   23 expr_aux: LINENO COND expr . expr expr

    LINENO  shift, and go to state 32

    expr      go to state 93
    expr_aux  go to state 34


State 67

   24 expr_aux: LINENO LOOP expr . expr

    LINENO  shift, and go to state 32

    expr      go to state 94
    expr_aux  go to state 34


State 68

   27 expr_aux: LINENO TYPCASE expr . case_list

    LINENO  shift, and go to state 95

    case_list    go to state 96
    simple_case  go to state 97


State 69

   46 expr_list: expr .

    $default  reduce using rule 46 (expr_list)


State 70

   25 expr_aux: LINENO BLOCK expr_list .
   47 expr_list: expr_list . expr

    LINENO  shift, and go to state 32

    $default  reduce using rule 25 (expr_aux)

    expr      go to state 98
    expr_aux  go to state 34


State 71

   26 expr_aux: LINENO LET ID . ID expr expr

    ID  shift, and go to state 99


State 72

   30 expr_aux: LINENO PLUS expr . expr

    LINENO  shift, and go to state 32

    expr      go to state 100
    expr_aux  go to state 34


State 73

   31 expr_aux: LINENO SUB expr . expr

    LINENO  shift, and go to state 32

    expr      go to state 101
    expr_aux  go to state 34


State 74

   32 expr_aux: LINENO MUL expr . expr

    LINENO  shift, and go to state 32

    expr      go to state 102
    expr_aux  go to state 34


State 75

   33 expr_aux: LINENO DIVIDE expr . expr

    LINENO  shift, and go to state 32

    expr      go to state 103
    expr_aux  go to state 34


State 76

   34 expr_aux: LINENO NEG expr .

    $default  reduce using rule 34 (expr_aux)


State 77

   35 expr_aux: LINENO LT expr . expr

    LINENO  shift, and go to state 32

    expr      go to state 104
    expr_aux  go to state 34


State 78

   36 expr_aux: LINENO EQ expr . expr

    LINENO  shift, and go to state 32

    expr      go to state 105
    expr_aux  go to state 34


State 79

   37 expr_aux: LINENO LEQ expr . expr

    LINENO  shift, and go to state 32

    expr      go to state 106
    expr_aux  go to state 34


State 80

   38 expr_aux: LINENO COMP expr .

    $default  reduce using rule 38 (expr_aux)


State 81

   39 expr_aux: LINENO INT INT_CONST .

    $default  reduce using rule 39 (expr_aux)


State 82

   40 expr_aux: LINENO STR STR_CONST .

    $default  reduce using rule 40 (expr_aux)


State 83

   41 expr_aux: LINENO BOOL INT_CONST .

    $default  reduce using rule 41 (expr_aux)


State 84

   28 expr_aux: LINENO NEW ID .

    $default  reduce using rule 28 (expr_aux)


State 85

   29 expr_aux: LINENO ISVOID expr .

    $default  reduce using rule 29 (expr_aux)


State 86

   42 expr_aux: LINENO OBJECT ID .

    $default  reduce using rule 42 (expr_aux)


State 87

   18 expr: expr_aux ':' NO_TYPE .

    $default  reduce using rule 18 (expr)


State 88

   17 expr: expr_aux ':' ID .

    $default  reduce using rule 17 (expr)


State 89

   19 expr: expr_aux ':' BOTTOM .

    $default  reduce using rule 19 (expr)


State 90

   20 expr_aux: LINENO ASSIGN ID expr .

    $default  reduce using rule 20 (expr_aux)


State 91

   21 expr_aux: LINENO STATIC_DISPATCH expr ID . ID actuals

    ID  shift, and go to state 107


State 92

   22 expr_aux: LINENO DISPATCH expr ID . actuals

    '('  shift, and go to state 108

    actuals  go to state 109


State 93

   23 expr_aux: LINENO COND expr expr . expr

    LINENO  shift, and go to state 32

    expr      go to state 110
    expr_aux  go to state 34


State 94

   24 expr_aux: LINENO LOOP expr expr .

    $default  reduce using rule 24 (expr_aux)


State 95

   50 simple_case: LINENO . BRANCH ID ID expr

    BRANCH  shift, and go to state 111


State 96

   27 expr_aux: LINENO TYPCASE expr case_list .
   49 case_list: case_list . simple_case

    LINENO  shift, and go to state 95

    $default  reduce using rule 27 (expr_aux)

    simple_case  go to state 112


State 97

   48 case_list: simple_case .

    $default  reduce using rule 48 (case_list)


State 98

   47 expr_list: expr_list expr .

    $default  reduce using rule 47 (expr_list)


State 99

   26 expr_aux: LINENO LET ID ID . expr expr

    LINENO  shift, and go to state 32

    expr      go to state 113
    expr_aux  go to state 34


State 100

   30 expr_aux: LINENO PLUS expr expr .

    $default  reduce using rule 30 (expr_aux)


State 101

   31 expr_aux: LINENO SUB expr expr .

    $default  reduce using rule 31 (expr_aux)


State 102

   32 expr_aux: LINENO MUL expr expr .

    $default  reduce using rule 32 (expr_aux)


State 103

   33 expr_aux: LINENO DIVIDE expr expr .

    $default  reduce using rule 33 (expr_aux)


State 104

   35 expr_aux: LINENO LT expr expr .

    $default  reduce using rule 35 (expr_aux)


State 105

   36 expr_aux: LINENO EQ expr expr .

    $default  reduce using rule 36 (expr_aux)


State 106

   37 expr_aux: LINENO LEQ expr expr .

    $default  reduce using rule 37 (expr_aux)


State 107

   21 expr_aux: LINENO STATIC_DISPATCH expr ID ID . actuals

    '('  shift, and go to state 108

    actuals  go to state 114


State 108

   44 actuals: '(' . ')'
   45        | '(' . expr_list ')'

    LINENO  shift, and go to state 32
    ')'     shift, and go to state 115

    expr       go to state 69
    expr_aux   go to state 34
    expr_list  go to state 116


State 109

   22 expr_aux: LINENO DISPATCH expr ID actuals .

    $default  reduce using rule 22 (expr_aux)


State 110

   23 expr_aux: LINENO COND expr expr expr .

    $default  reduce using rule 23 (expr_aux)


State 111

   50 simple_case: LINENO BRANCH . ID ID expr

    ID  shift, and go to state 117


State 112

   49 case_list: case_list simple_case .

    $default  reduce using rule 49 (case_list)


State 113

   26 expr_aux: LINENO LET ID ID expr . expr

    LINENO  shift, and go to state 32

    expr      go to state 118
    expr_aux  go to state 34


State 114

   21 expr_aux: LINENO STATIC_DISPATCH expr ID ID actuals .

    $default  reduce using rule 21 (expr_aux)


State 115

   44 actuals: '(' ')' .

    $default  reduce using rule 44 (actuals)


State 116

   45 actuals: '(' expr_list . ')'
   47 expr_list: expr_list . expr

    LINENO  shift, and go to state 32
    ')'     shift, and go to state 119

    expr      go to state 98
    expr_aux  go to state 34


State 117

   50 simple_case: LINENO BRANCH ID . ID expr

    ID  shift, and go to state 120


State 118

   26 expr_aux: LINENO LET ID ID expr expr .

    $default  reduce using rule 26 (expr_aux)


State 119

   45 actuals: '(' expr_list ')' .

    $default  reduce using rule 45 (actuals)


State 120

   50 simple_case: LINENO BRANCH ID ID . expr

    LINENO  shift, and go to state 32

    expr      go to state 121
    expr_aux  go to state 34


State 121

   50 simple_case: LINENO BRANCH ID ID expr .

    $default  reduce using rule 50 (simple_case)
